C:\USERS\LAB422\DESKTOP\DATA STRUCTURES ALGA\LAB 1\LAB 1\DEBUG\SOURCE.OBJ
C:\USERS\LAB422\DESKTOP\DATA STRUCTURES ALGA\LAB 1\LAB 1\DEBUG\VC110.PDB
C:\USERS\LAB422\DESKTOP\DATA STRUCTURES ALGA\LAB 1\DEBUG\LAB 1.ILK
C:\USERS\LAB422\DESKTOP\DATA STRUCTURES ALGA\LAB 1\DEBUG\LAB 1.EXE
C:\USERS\LAB422\DESKTOP\DATA STRUCTURES ALGA\LAB 1\DEBUG\LAB 1.PDB
C:\Users\lab422\Desktop\Data Structures Alga\Lab 1\Lab 1\Debug\Source.obj
C:\Users\lab422\Desktop\Data Structures Alga\Lab 1\Lab 1\Debug\cl.command.1.tlog
C:\Users\lab422\Desktop\Data Structures Alga\Lab 1\Lab 1\Debug\CL.read.1.tlog
C:\Users\lab422\Desktop\Data Structures Alga\Lab 1\Lab 1\Debug\CL.write.1.tlog
C:\Users\lab422\Desktop\Data Structures Alga\Lab 1\Lab 1\Debug\link-cvtres.read.1.tlog
C:\Users\lab422\Desktop\Data Structures Alga\Lab 1\Lab 1\Debug\link-cvtres.write.1.tlog
C:\Users\lab422\Desktop\Data Structures Alga\Lab 1\Lab 1\Debug\link-rc.read.1.tlog
C:\Users\lab422\Desktop\Data Structures Alga\Lab 1\Lab 1\Debug\link-rc.write.1.tlog
C:\Users\lab422\Desktop\Data Structures Alga\Lab 1\Lab 1\Debug\link.command.1.tlog
C:\Users\lab422\Desktop\Data Structures Alga\Lab 1\Lab 1\Debug\link.read.1.tlog
C:\Users\lab422\Desktop\Data Structures Alga\Lab 1\Lab 1\Debug\link.write.1.tlog
C:\Users\lab422\Desktop\Data Structures Alga\Lab 1\Lab 1\Debug\vc110.idb
C:\Users\lab422\Desktop\Data Structures Alga\Lab 1\Lab 1\Debug\vc110.pdb
C:\Users\lab422\Desktop\Data Structures Alga\Lab 1\Debug\Lab 1.pdb
C:\Users\lab422\Desktop\Data Structures Alga\Lab 1\Debug\Lab 1.exe
C:\Users\lab422\Desktop\Data Structures Alga\Lab 1\Debug\Lab 1.ilk
